app/build/intermediates/manifest_merge_blame_file/civDebug/manifest-merger-blame-civ-debug-report.txt
1<?xml version="1.0" encoding="utf-8"?>
2<manifest xmlns:android="http://schemas.android.com/apk/res/android"
3    package="com.atakmap.android.genuasplugin.plugin"
4    android:versionCode="1"
5    android:versionName="1.0 () - [4.6.0]" >
6
7    <uses-sdk
8        android:minSdkVersion="21"
8-->src/main/AndroidManifest.xml
9        android:targetSdkVersion="30" />
9-->[androidx.constraintlayout:constraintlayout:2.1.4] AndroidManifest.xml:7:9-38
10
11    <application
11-->src/main/AndroidManifest.xml:6:5-28:19
12        android:allowBackup="false"
12-->src/main/AndroidManifest.xml:7:9-36
13        android:appComponentFactory="androidx.core.app.CoreComponentFactory"
13-->[androidx.core:core:1.3.2] AndroidManifest.xml:24:18-86
14        android:debuggable="true"
15        android:description="@string/app_desc"
15-->src/main/AndroidManifest.xml:10:9-47
16        android:extractNativeLibs="true"
16-->src/main/AndroidManifest.xml:11:9-41
17        android:icon="@drawable/ic_launcher"
17-->src/main/AndroidManifest.xml:8:9-45
18        android:label="@string/app_name"
18-->src/main/AndroidManifest.xml:9:9-41
19        android:testOnly="true"
20        android:theme="@style/AppTheme" >
20-->src/main/AndroidManifest.xml:12:9-40
21        <meta-data
22            android:name="plugin-api"
22-->src/main/AndroidManifest.xml:13:20-45
23            android:value="com.atakmap.app@4.6.0.CIV" />
23-->src/main/AndroidManifest.xml:13:46-79
24        <meta-data
24-->src/main/AndroidManifest.xml:14:9-78
25            android:name="app_desc"
25-->src/main/AndroidManifest.xml:14:20-43
26            android:value="@string/app_desc" />
26-->src/main/AndroidManifest.xml:14:44-76
27
28        <!--
29            This fictitious activity entry allow for ATAK 4.6.0.2 and newer to perform 
30            plugin discovery  android devices.  If this is removed, the plugin will 
31            not be able to be discovered or loaded.
32        -->
33        <activity android:name="com.atakmap.app.component" >
33-->src/main/AndroidManifest.xml:20:8-25:19
33-->src/main/AndroidManifest.xml:20:18-58
34            <intent-filter android:label="@string/app_name" >
34-->src/main/AndroidManifest.xml:22:12-24:28
34-->src/main/AndroidManifest.xml:22:27-59
35                <action android:name="com.atakmap.app.component" />
35-->src/main/AndroidManifest.xml:23:15-66
35-->src/main/AndroidManifest.xml:23:23-63
36            </intent-filter>
37        </activity>
38    </application>
39
40</manifest>